<?xml version="1.0" encoding="UTF-8"?>
<!-- Generated by org.testng.reporters.JUnitReportReporter -->
<testsuite skipped="0" hostname="DESKTOP-2AOU0QJ" name="com.vtiger.test.LeadTest" tests="1" failures="0" timestamp="2022-07-19T22:32:56 IST" time="7.810" errors="0">
  <testcase name="CreateLead" time="7.810" classname="com.vtiger.test.LeadTest"/>
</testsuite> <!-- com.vtiger.test.LeadTest -->
