<?xml version="1.0" encoding="UTF-8"?>
<!-- Generated by org.testng.reporters.JUnitReportReporter -->
<testsuite skipped="0" hostname="DESKTOP-2AOU0QJ" name="com.vtiger.test.LoginTest" tests="1" failures="0" timestamp="2022-07-19T22:32:56 IST" time="26.618" errors="0">
  <testcase name="ValidLogin" time="26.618" classname="com.vtiger.test.LoginTest"/>
</testsuite> <!-- com.vtiger.test.LoginTest -->
